{"time": 0.0, "transport_id": "Truck 1", "kind": "TRUCK", "event": "ARRIVE", "location": "Factory"}
{"time": 0.0, "transport_id": "Truck 2", "kind": "TRUCK", "event": "ARRIVE", "location": "Factory"}
{"time": 0.0, "transport_id": "Vessel 1", "kind": "VESSEL", "event": "ARRIVE", "location": "Port"}
{"time": 0.0, "transport_id": "Truck 1", "kind": "TRUCK", "cargo": [{"cargo_id": 0, "origin": "Factory", "destination": "A"}], "event": "DEPART", "location": "Factory", "destination": "Port"}
{"time": 0.0, "transport_id": "Truck 2", "kind": "TRUCK", "cargo": [{"cargo_id": 1, "origin": "Factory", "destination": "A"}], "event": "DEPART", "location": "Factory", "destination": "Port"}
{"time": 1.0, "transport_id": "Truck 1", "kind": "TRUCK", "cargo": [{"cargo_id": 0, "origin": "Factory", "destination": "A"}], "event": "ARRIVE", "location": "Port"}
{"time": 1.0, "transport_id": "Truck 2", "kind": "TRUCK", "cargo": [{"cargo_id": 1, "origin": "Factory", "destination": "A"}], "event": "ARRIVE", "location": "Port"}
{"time": 1.0, "transport_id": "Truck 1", "kind": "TRUCK", "event": "DEPART", "location": "Port", "destination": "Factory"}
{"time": 1.0, "transport_id": "Vessel 1", "kind": "VESSEL", "cargo": [{"cargo_id": 0, "origin": "Factory", "destination": "A"}], "event": "DEPART", "location": "Port", "destination": "A"}
{"time": 1.0, "transport_id": "Truck 2", "kind": "TRUCK", "event": "DEPART", "location": "Port", "destination": "Factory"}
{"time": 2.0, "transport_id": "Truck 1", "kind": "TRUCK", "event": "ARRIVE", "location": "Factory"}
{"time": 2.0, "transport_id": "Truck 2", "kind": "TRUCK", "event": "ARRIVE", "location": "Factory"}
{"time": 2.0, "transport_id": "Truck 1", "kind": "TRUCK", "cargo": [{"cargo_id": 2, "origin": "Factory", "destination": "B"}], "event": "DEPART", "location": "Factory", "destination": "B"}
{"time": 2.0, "transport_id": "Truck 2", "kind": "TRUCK", "cargo": [{"cargo_id": 3, "origin": "Factory", "destination": "A"}], "event": "DEPART", "location": "Factory", "destination": "Port"}
{"time": 3.0, "transport_id": "Truck 2", "kind": "TRUCK", "cargo": [{"cargo_id": 3, "origin": "Factory", "destination": "A"}], "event": "ARRIVE", "location": "Port"}
{"time": 3.0, "transport_id": "Truck 2", "kind": "TRUCK", "event": "DEPART", "location": "Port", "destination": "Factory"}
{"time": 4.0, "transport_id": "Truck 2", "kind": "TRUCK", "event": "ARRIVE", "location": "Factory"}
{"time": 4.0, "transport_id": "Truck 2", "kind": "TRUCK", "cargo": [{"cargo_id": 4, "origin": "Factory", "destination": "B"}], "event": "DEPART", "location": "Factory", "destination": "B"}
{"time": 5.0, "transport_id": "Vessel 1", "kind": "VESSEL", "cargo": [{"cargo_id": 0, "origin": "Factory", "destination": "A"}], "event": "ARRIVE", "location": "A"}
{"time": 5.0, "transport_id": "Vessel 1", "kind": "VESSEL", "event": "DEPART", "location": "A", "destination": "Port"}
{"time": 7.0, "transport_id": "Truck 1", "kind": "TRUCK", "cargo": [{"cargo_id": 2, "origin": "Factory", "destination": "B"}], "event": "ARRIVE", "location": "B"}
{"time": 7.0, "transport_id": "Truck 1", "kind": "TRUCK", "event": "DEPART", "location": "B", "destination": "Factory"}
{"time": 9.0, "transport_id": "Truck 2", "kind": "TRUCK", "cargo": [{"cargo_id": 4, "origin": "Factory", "destination": "B"}], "event": "ARRIVE", "location": "B"}
{"time": 9.0, "transport_id": "Vessel 1", "kind": "VESSEL", "event": "ARRIVE", "location": "Port"}
{"time": 9.0, "transport_id": "Truck 2", "kind": "TRUCK", "event": "DEPART", "location": "B", "destination": "Factory"}
{"time": 9.0, "transport_id": "Vessel 1", "kind": "VESSEL", "cargo": [{"cargo_id": 1, "origin": "Factory", "destination": "A"}], "event": "DEPART", "location": "Port", "destination": "A"}
{"time": 12.0, "transport_id": "Truck 1", "kind": "TRUCK", "event": "ARRIVE", "location": "Factory"}
{"time": 12.0, "transport_id": "Truck 1", "kind": "TRUCK", "cargo": [{"cargo_id": 5, "origin": "Factory", "destination": "B"}], "event": "DEPART", "location": "Factory", "destination": "B"}
{"time": 13.0, "transport_id": "Vessel 1", "kind": "VESSEL", "cargo": [{"cargo_id": 1, "origin": "Factory", "destination": "A"}], "event": "ARRIVE", "location": "A"}
{"time": 13.0, "transport_id": "Vessel 1", "kind": "VESSEL", "event": "DEPART", "location": "A", "destination": "Port"}
{"time": 14.0, "transport_id": "Truck 2", "kind": "TRUCK", "event": "ARRIVE", "location": "Factory"}
{"time": 14.0, "transport_id": "Truck 2", "kind": "TRUCK", "cargo": [{"cargo_id": 6, "origin": "Factory", "destination": "A"}], "event": "DEPART", "location": "Factory", "destination": "Port"}
{"time": 15.0, "transport_id": "Truck 2", "kind": "TRUCK", "cargo": [{"cargo_id": 6, "origin": "Factory", "destination": "A"}], "event": "ARRIVE", "location": "Port"}
{"time": 15.0, "transport_id": "Truck 2", "kind": "TRUCK", "event": "DEPART", "location": "Port", "destination": "Factory"}
{"time": 16.0, "transport_id": "Truck 2", "kind": "TRUCK", "event": "ARRIVE", "location": "Factory"}
{"time": 16.0, "transport_id": "Truck 2", "kind": "TRUCK", "cargo": [{"cargo_id": 7, "origin": "Factory", "destination": "B"}], "event": "DEPART", "location": "Factory", "destination": "B"}
{"time": 17.0, "transport_id": "Truck 1", "kind": "TRUCK", "cargo": [{"cargo_id": 5, "origin": "Factory", "destination": "B"}], "event": "ARRIVE", "location": "B"}
{"time": 17.0, "transport_id": "Vessel 1", "kind": "VESSEL", "event": "ARRIVE", "location": "Port"}
{"time": 17.0, "transport_id": "Truck 1", "kind": "TRUCK", "event": "DEPART", "location": "B", "destination": "Factory"}
{"time": 17.0, "transport_id": "Vessel 1", "kind": "VESSEL", "cargo": [{"cargo_id": 3, "origin": "Factory", "destination": "A"}], "event": "DEPART", "location": "Port", "destination": "A"}
{"time": 21.0, "transport_id": "Truck 2", "kind": "TRUCK", "cargo": [{"cargo_id": 7, "origin": "Factory", "destination": "B"}], "event": "ARRIVE", "location": "B"}
{"time": 21.0, "transport_id": "Vessel 1", "kind": "VESSEL", "cargo": [{"cargo_id": 3, "origin": "Factory", "destination": "A"}], "event": "ARRIVE", "location": "A"}
{"time": 21.0, "transport_id": "Truck 2", "kind": "TRUCK", "event": "DEPART", "location": "B", "destination": "Factory"}
{"time": 21.0, "transport_id": "Vessel 1", "kind": "VESSEL", "event": "DEPART", "location": "A", "destination": "Port"}
{"time": 22.0, "transport_id": "Truck 1", "kind": "TRUCK", "event": "ARRIVE", "location": "Factory"}
{"time": 25.0, "transport_id": "Vessel 1", "kind": "VESSEL", "event": "ARRIVE", "location": "Port"}
{"time": 25.0, "transport_id": "Vessel 1", "kind": "VESSEL", "cargo": [{"cargo_id": 6, "origin": "Factory", "destination": "A"}], "event": "DEPART", "location": "Port", "destination": "A"}
{"time": 26.0, "transport_id": "Truck 2", "kind": "TRUCK", "event": "ARRIVE", "location": "Factory"}
{"time": 29.0, "transport_id": "Vessel 1", "kind": "VESSEL", "cargo": [{"cargo_id": 6, "origin": "Factory", "destination": "A"}], "event": "ARRIVE", "location": "A"}