{
   "displayTimeUnit" : "ms",
   "traceEvents" : [
      {
         "ph" : "E",
         "tid" : "TRUCK:Truck 1",
         "pid" : "TRUCK:Truck 1",
         "cat" : "ddd",
         "ts" : 0,
         "args" : {
            "cargo" : [],
            "transport" : "TRUCK:Truck 1"
         }
      },
      {
         "ph" : "E",
         "tid" : "TRUCK:Truck 2",
         "pid" : "TRUCK:Truck 2",
         "cat" : "ddd",
         "ts" : 0,
         "args" : {
            "transport" : "TRUCK:Truck 2",
            "cargo" : []
         }
      },
      {
         "cat" : "ddd",
         "ts" : 0,
         "pid" : "VESSEL:Vessel 1",
         "args" : {
            "cargo" : [],
            "transport" : "VESSEL:Vessel 1"
         },
         "ph" : "E",
         "tid" : "VESSEL:Vessel 1"
      },
      {
         "name" : "Factory-Port",
         "ph" : "B",
         "tid" : "TRUCK:Truck 1",
         "pid" : "TRUCK:Truck 1",
         "cat" : "ddd",
         "ts" : 0,
         "args" : {
            "cargo" : [
               "CARGO:Factory_A_0"
            ],
            "transport" : "TRUCK:Truck 1"
         }
      },
      {
         "tid" : "TRUCK:Truck 2",
         "name" : "Factory-B",
         "ph" : "B",
         "args" : {
            "cargo" : [
               "CARGO:Factory_B_1"
            ],
            "transport" : "TRUCK:Truck 2"
         },
         "cat" : "ddd",
         "ts" : 0,
         "pid" : "TRUCK:Truck 2"
      },
      {
         "ph" : "E",
         "tid" : "TRUCK:Truck 1",
         "ts" : 1,
         "cat" : "ddd",
         "pid" : "TRUCK:Truck 1",
         "args" : {
            "transport" : "TRUCK:Truck 1",
            "cargo" : [
               "CARGO:Factory_A_0"
            ]
         }
      },
      {
         "args" : {
            "cargo" : [],
            "transport" : "TRUCK:Truck 1"
         },
         "cat" : "ddd",
         "pid" : "TRUCK:Truck 1",
         "ts" : 1,
         "tid" : "TRUCK:Truck 1",
         "ph" : "B",
         "name" : "Port-Factory"
      },
      {
         "tid" : "VESSEL:Vessel 1",
         "ph" : "B",
         "name" : "Port-A",
         "args" : {
            "transport" : "VESSEL:Vessel 1",
            "cargo" : [
               "CARGO:Factory_A_0"
            ]
         },
         "pid" : "VESSEL:Vessel 1",
         "cat" : "ddd",
         "ts" : 1
      },
      {
         "tid" : "TRUCK:Truck 1",
         "ph" : "E",
         "args" : {
            "cargo" : [],
            "transport" : "TRUCK:Truck 1"
         },
         "ts" : 2,
         "cat" : "ddd",
         "pid" : "TRUCK:Truck 1"
      },
      {
         "cat" : "ddd",
         "pid" : "TRUCK:Truck 1",
         "ts" : 2,
         "args" : {
            "transport" : "TRUCK:Truck 1",
            "cargo" : [
               "CARGO:Factory_B_2"
            ]
         },
         "name" : "Factory-B",
         "ph" : "B",
         "tid" : "TRUCK:Truck 1"
      },
      {
         "ph" : "E",
         "tid" : "TRUCK:Truck 2",
         "cat" : "ddd",
         "ts" : 5,
         "pid" : "TRUCK:Truck 2",
         "args" : {
            "transport" : "TRUCK:Truck 2",
            "cargo" : [
               "CARGO:Factory_B_1"
            ]
         }
      },
      {
         "ts" : 5,
         "cat" : "ddd",
         "pid" : "VESSEL:Vessel 1",
         "args" : {
            "cargo" : [
               "CARGO:Factory_A_0"
            ],
            "transport" : "VESSEL:Vessel 1"
         },
         "ph" : "E",
         "tid" : "VESSEL:Vessel 1"
      },
      {
         "cat" : "ddd",
         "ts" : 5,
         "pid" : "TRUCK:Truck 2",
         "args" : {
            "transport" : "TRUCK:Truck 2",
            "cargo" : []
         },
         "ph" : "B",
         "name" : "B-Factory",
         "tid" : "TRUCK:Truck 2"
      },
      {
         "args" : {
            "cargo" : [],
            "transport" : "VESSEL:Vessel 1"
         },
         "pid" : "VESSEL:Vessel 1",
         "cat" : "ddd",
         "ts" : 5,
         "tid" : "VESSEL:Vessel 1",
         "ph" : "B",
         "name" : "A-Port"
      },
      {
         "cat" : "ddd",
         "ts" : 7,
         "pid" : "TRUCK:Truck 1",
         "args" : {
            "cargo" : [
               "CARGO:Factory_B_2"
            ],
            "transport" : "TRUCK:Truck 1"
         },
         "ph" : "E",
         "tid" : "TRUCK:Truck 1"
      }
   ]
}
